# JRE version: OpenJDK Runtime Environment Corretto-21.0.4.7.1 (21.0.4+7) (build 21.0.4+7-LTS)
# Java VM: OpenJDK 64-Bit Server VM Corretto-21.0.4.7.1 (21.0.4+7-LTS, mixed mode, sharing, tiered, compressed oops, compressed class ptrs, g1 gc, windows-amd64)
GC Precious Log:
 CardTable entry size: 512
 Card Set container configuration: InlinePtr #cards 5 size 8 Array Of Cards #cards 12 size 40 Howl #buckets 4 coarsen threshold 1843 Howl Bitmap #cards 512 size 80 coarsen threshold 460 Card regions per heap region 1 cards per card region 2048
 CPUs: 12 total, 12 available
 Memory: 7971M
 Large Page Support: Disabled
 NUMA Support: Disabled
 Compressed Oops: Enabled (32-bit)
 Heap Region Size: 1M
 Heap Min Capacity: 8M
 Heap Initial Capacity: 126M
 Heap Max Capacity: 1994M
 Pre-touch: Disabled
 Parallel Workers: 10
 Concurrent Workers: 3
 Concurrent Refinement Workers: 10
 Periodic GC: Disabled
Heap:
 garbage-first heap   total 79872K, used 45866K [0x0000000083600000, 0x0000000100000000)
  region size 1024K, 13 young (13312K), 1 survivors (1024K)
 Metaspace       used 34597K, committed 35008K, reserved 1114112K
  class space    used 4663K, committed 4864K, reserved 1048576K
GC Heap History (20 events):
Event: 14.325 GC heap before
{Heap before GC invocations=10 (full 0):
 garbage-first heap   total 37888K, used 27173K [0x0000000083600000, 0x0000000100000000)
  region size 1024K, 9 young (9216K), 2 survivors (2048K)
 Metaspace       used 29300K, committed 29696K, reserved 1114112K
  class space    used 4080K, committed 4288K, reserved 1048576K
}
Event: 14.328 GC heap after
{Heap after GC invocations=11 (full 0):
 garbage-first heap   total 37888K, used 24113K [0x0000000083600000, 0x0000000100000000)
  region size 1024K, 2 young (2048K), 2 survivors (2048K)
 Metaspace       used 29300K, committed 29696K, reserved 1114112K
  class space    used 4080K, committed 4288K, reserved 1048576K
}
Event: 14.371 GC heap before
{Heap before GC invocations=12 (full 0):
 garbage-first heap   total 43008K, used 32305K [0x0000000083600000, 0x0000000100000000)
  region size 1024K, 10 young (10240K), 2 survivors (2048K)
 Metaspace       used 30117K, committed 30464K, reserved 1114112K
  class space    used 4210K, committed 4352K, reserved 1048576K
}
Event: 14.373 GC heap after
{Heap after GC invocations=13 (full 0):
 garbage-first heap   total 43008K, used 28663K [0x0000000083600000, 0x0000000100000000)
  region size 1024K, 2 young (2048K), 2 survivors (2048K)
 Metaspace       used 30117K, committed 30464K, reserved 1114112K
  class space    used 4210K, committed 4352K, reserved 1048576K
}
Event: 14.497 GC heap before
{Heap before GC invocations=13 (full 0):
 garbage-first heap   total 43008K, used 36855K [0x0000000083600000, 0x0000000100000000)
  region size 1024K, 10 young (10240K), 2 survivors (2048K)
 Metaspace       used 31091K, committed 31488K, reserved 1114112K
  class space    used 4380K, committed 4544K, reserved 1048576K
}
Event: 14.499 GC heap after
{Heap after GC invocations=14 (full 0):
 garbage-first heap   total 55296K, used 27580K [0x0000000083600000, 0x0000000100000000)
  region size 1024K, 2 young (2048K), 2 survivors (2048K)
 Metaspace       used 31091K, committed 31488K, reserved 1114112K
  class space    used 4380K, committed 4544K, reserved 1048576K
}
Event: 35.240 GC heap before
{Heap before GC invocations=14 (full 0):
 garbage-first heap   total 55296K, used 41916K [0x0000000083600000, 0x0000000100000000)
  region size 1024K, 18 young (18432K), 2 survivors (2048K)
 Metaspace       used 32674K, committed 33088K, reserved 1114112K
  class space    used 4529K, committed 4736K, reserved 1048576K
}
Event: 35.243 GC heap after
{Heap after GC invocations=15 (full 0):
 garbage-first heap   total 55296K, used 30407K [0x0000000083600000, 0x0000000100000000)
  region size 1024K, 3 young (3072K), 3 survivors (3072K)
 Metaspace       used 32674K, committed 33088K, reserved 1114112K
  class space    used 4529K, committed 4736K, reserved 1048576K
}
Event: 144.743 GC heap before
{Heap before GC invocations=16 (full 0):
 garbage-first heap   total 55296K, used 47815K [0x0000000083600000, 0x0000000100000000)
  region size 1024K, 18 young (18432K), 3 survivors (3072K)
 Metaspace       used 33282K, committed 33728K, reserved 1114112K
  class space    used 4624K, committed 4864K, reserved 1048576K
}
Event: 144.746 GC heap after
{Heap after GC invocations=17 (full 0):
 garbage-first heap   total 55296K, used 32692K [0x0000000083600000, 0x0000000100000000)
  region size 1024K, 3 young (3072K), 3 survivors (3072K)
 Metaspace       used 33282K, committed 33728K, reserved 1114112K
  class space    used 4624K, committed 4864K, reserved 1048576K
}
Event: 146.804 GC heap before
{Heap before GC invocations=17 (full 0):
 garbage-first heap   total 57344K, used 55220K [0x0000000083600000, 0x0000000100000000)
  region size 1024K, 14 young (14336K), 3 survivors (3072K)
 Metaspace       used 33517K, committed 33984K, reserved 1114112K
  class space    used 4631K, committed 4864K, reserved 1048576K
}
Event: 146.807 GC heap after
{Heap after GC invocations=18 (full 0):
 garbage-first heap   total 61440K, used 37601K [0x0000000083600000, 0x0000000100000000)
  region size 1024K, 2 young (2048K), 2 survivors (2048K)
 Metaspace       used 33517K, committed 33984K, reserved 1114112K
  class space    used 4631K, committed 4864K, reserved 1048576K
}
Event: 149.795 GC heap before
{Heap before GC invocations=18 (full 0):
 garbage-first heap   total 61440K, used 45793K [0x0000000083600000, 0x0000000100000000)
  region size 1024K, 11 young (11264K), 2 survivors (2048K)
 Metaspace       used 33722K, committed 34176K, reserved 1114112K
  class space    used 4635K, committed 4864K, reserved 1048576K
}
Event: 149.797 GC heap after
{Heap after GC invocations=19 (full 0):
 garbage-first heap   total 61440K, used 37969K [0x0000000083600000, 0x0000000100000000)
  region size 1024K, 1 young (1024K), 1 survivors (1024K)
 Metaspace       used 33722K, committed 34176K, reserved 1114112K
  class space    used 4635K, committed 4864K, reserved 1048576K
}
Event: 205.028 GC heap before
{Heap before GC invocations=20 (full 0):
 garbage-first heap   total 73728K, used 64593K [0x0000000083600000, 0x0000000100000000)
  region size 1024K, 16 young (16384K), 1 survivors (1024K)
 Metaspace       used 34024K, committed 34496K, reserved 1114112K
  class space    used 4640K, committed 4864K, reserved 1048576K
}
Event: 205.030 GC heap after
{Heap after GC invocations=21 (full 0):
 garbage-first heap   total 73728K, used 36995K [0x0000000083600000, 0x0000000100000000)
  region size 1024K, 1 young (1024K), 1 survivors (1024K)
 Metaspace       used 34024K, committed 34496K, reserved 1114112K
  class space    used 4640K, committed 4864K, reserved 1048576K
}
Event: 220.736 GC heap before
{Heap before GC invocations=21 (full 0):
 garbage-first heap   total 75776K, used 74883K [0x0000000083600000, 0x0000000100000000)
  region size 1024K, 22 young (22528K), 1 survivors (1024K)
 Metaspace       used 34431K, committed 34944K, reserved 1114112K
  class space    used 4657K, committed 4864K, reserved 1048576K
}
Event: 220.739 GC heap after
{Heap after GC invocations=22 (full 0):
 garbage-first heap   total 79872K, used 34100K [0x0000000083600000, 0x0000000100000000)
  region size 1024K, 2 young (2048K), 2 survivors (2048K)
 Metaspace       used 34431K, committed 34944K, reserved 1114112K
  class space    used 4657K, committed 4864K, reserved 1048576K
}
Event: 489.652 GC heap before
{Heap before GC invocations=22 (full 0):
 garbage-first heap   total 79872K, used 37172K [0x0000000083600000, 0x0000000100000000)
  region size 1024K, 6 young (6144K), 2 survivors (2048K)
 Metaspace       used 34479K, committed 34944K, reserved 1114112K
  class space    used 4657K, committed 4864K, reserved 1048576K
}
Event: 489.656 GC heap after
{Heap after GC invocations=23 (full 0):
 garbage-first heap   total 79872K, used 32554K [0x0000000083600000, 0x0000000100000000)
  region size 1024K, 1 young (1024K), 1 survivors (1024K)
 Metaspace       used 34479K, committed 34944K, reserved 1114112K
  class space    used 4657K, committed 4864K, reserved 1048576K
}

