# JRE version: OpenJDK Runtime Environment Corretto-21.0.4.7.1 (21.0.4+7) (build 21.0.4+7-LTS)
# Java VM: OpenJDK 64-Bit Server VM Corretto-21.0.4.7.1 (21.0.4+7-LTS, mixed mode, sharing, tiered, compressed oops, compressed class ptrs, g1 gc, windows-amd64)
GC Precious Log:
 CardTable entry size: 512
 Card Set container configuration: InlinePtr #cards 5 size 8 Array Of Cards #cards 12 size 40 Howl #buckets 4 coarsen threshold 1843 Howl Bitmap #cards 512 size 80 coarsen threshold 460 Card regions per heap region 1 cards per card region 2048
 CPUs: 12 total, 12 available
 Memory: 7971M
 Large Page Support: Disabled
 NUMA Support: Disabled
 Compressed Oops: Enabled (32-bit)
 Heap Region Size: 1M
 Heap Min Capacity: 8M
 Heap Initial Capacity: 126M
 Heap Max Capacity: 1994M
 Pre-touch: Disabled
 Parallel Workers: 10
 Concurrent Workers: 3
 Concurrent Refinement Workers: 10
 Periodic GC: Disabled
Heap:
 garbage-first heap   total 157696K, used 147831K [0x0000000083600000, 0x0000000100000000)
  region size 1024K, 14 young (14336K), 1 survivors (1024K)
 Metaspace       used 28557K, committed 28992K, reserved 1114112K
  class space    used 3894K, committed 4096K, reserved 1048576K
GC Heap History (12 events):
Event: 0.474 GC heap before
{Heap before GC invocations=0 (full 0):
 garbage-first heap   total 129024K, used 22528K [0x0000000083600000, 0x0000000100000000)
  region size 1024K, 23 young (23552K), 0 survivors (0K)
 Metaspace       used 4344K, committed 4608K, reserved 1114112K
  class space    used 453K, committed 576K, reserved 1048576K
}
Event: 0.477 GC heap after
{Heap after GC invocations=1 (full 0):
 garbage-first heap   total 129024K, used 2688K [0x0000000083600000, 0x0000000100000000)
  region size 1024K, 3 young (3072K), 3 survivors (3072K)
 Metaspace       used 4344K, committed 4608K, reserved 1114112K
  class space    used 453K, committed 576K, reserved 1048576K
}
Event: 0.987 GC heap before
{Heap before GC invocations=1 (full 0):
 garbage-first heap   total 129024K, used 36480K [0x0000000083600000, 0x0000000100000000)
  region size 1024K, 37 young (37888K), 3 survivors (3072K)
 Metaspace       used 17357K, committed 17664K, reserved 1114112K
  class space    used 2076K, committed 2240K, reserved 1048576K
}
Event: 0.992 GC heap after
{Heap after GC invocations=2 (full 0):
 garbage-first heap   total 129024K, used 7736K [0x0000000083600000, 0x0000000100000000)
  region size 1024K, 5 young (5120K), 5 survivors (5120K)
 Metaspace       used 17357K, committed 17664K, reserved 1114112K
  class space    used 2076K, committed 2240K, reserved 1048576K
}
Event: 1.279 GC heap before
{Heap before GC invocations=2 (full 0):
 garbage-first heap   total 129024K, used 41528K [0x0000000083600000, 0x0000000100000000)
  region size 1024K, 28 young (28672K), 5 survivors (5120K)
 Metaspace       used 21179K, committed 21504K, reserved 1114112K
  class space    used 2742K, committed 2944K, reserved 1048576K
}
Event: 1.284 GC heap after
{Heap after GC invocations=3 (full 0):
 garbage-first heap   total 129024K, used 22316K [0x0000000083600000, 0x0000000100000000)
  region size 1024K, 8 young (8192K), 8 survivors (8192K)
 Metaspace       used 21179K, committed 21504K, reserved 1114112K
  class space    used 2742K, committed 2944K, reserved 1048576K
}
Event: 6.109 GC heap before
{Heap before GC invocations=4 (full 0):
 garbage-first heap   total 80896K, used 78636K [0x0000000083600000, 0x0000000100000000)
  region size 1024K, 42 young (43008K), 8 survivors (8192K)
 Metaspace       used 26502K, committed 26880K, reserved 1114112K
  class space    used 3771K, committed 3968K, reserved 1048576K
}
Event: 6.116 GC heap after
{Heap after GC invocations=5 (full 0):
 garbage-first heap   total 94208K, used 50377K [0x0000000083600000, 0x0000000100000000)
  region size 1024K, 8 young (8192K), 8 survivors (8192K)
 Metaspace       used 26502K, committed 26880K, reserved 1114112K
  class space    used 3771K, committed 3968K, reserved 1048576K
}
Event: 6.918 GC heap before
{Heap before GC invocations=5 (full 0):
 garbage-first heap   total 98304K, used 96457K [0x0000000083600000, 0x0000000100000000)
  region size 1024K, 25 young (25600K), 8 survivors (8192K)
 Metaspace       used 27526K, committed 27904K, reserved 1114112K
  class space    used 3870K, committed 4032K, reserved 1048576K
}
Event: 6.926 GC heap after
{Heap after GC invocations=6 (full 0):
 garbage-first heap   total 111616K, used 82126K [0x0000000083600000, 0x0000000100000000)
  region size 1024K, 5 young (5120K), 5 survivors (5120K)
 Metaspace       used 27526K, committed 27904K, reserved 1114112K
  class space    used 3870K, committed 4032K, reserved 1048576K
}
Event: 6.998 GC heap before
{Heap before GC invocations=6 (full 0):
 garbage-first heap   total 111616K, used 84174K [0x0000000083600000, 0x0000000100000000)
  region size 1024K, 8 young (8192K), 5 survivors (5120K)
 Metaspace       used 27725K, committed 28096K, reserved 1114112K
  class space    used 3880K, committed 4032K, reserved 1048576K
}
Event: 7.000 GC heap after
{Heap after GC invocations=7 (full 0):
 garbage-first heap   total 111616K, used 83319K [0x0000000083600000, 0x0000000100000000)
  region size 1024K, 1 young (1024K), 1 survivors (1024K)
 Metaspace       used 27725K, committed 28096K, reserved 1114112K
  class space    used 3880K, committed 4032K, reserved 1048576K
}

