# JRE version: OpenJDK Runtime Environment Corretto-21.0.4.7.1 (21.0.4+7) (build 21.0.4+7-LTS)
# Java VM: OpenJDK 64-Bit Server VM Corretto-21.0.4.7.1 (21.0.4+7-LTS, mixed mode, sharing, tiered, compressed oops, compressed class ptrs, g1 gc, windows-amd64)
GC Precious Log:
 CardTable entry size: 512
 Card Set container configuration: InlinePtr #cards 5 size 8 Array Of Cards #cards 12 size 40 Howl #buckets 4 coarsen threshold 1843 Howl Bitmap #cards 512 size 80 coarsen threshold 460 Card regions per heap region 1 cards per card region 2048
 CPUs: 12 total, 12 available
 Memory: 7971M
 Large Page Support: Disabled
 NUMA Support: Disabled
 Compressed Oops: Enabled (32-bit)
 Heap Region Size: 1M
 Heap Min Capacity: 8M
 Heap Initial Capacity: 126M
 Heap Max Capacity: 1994M
 Pre-touch: Disabled
 Parallel Workers: 10
 Concurrent Workers: 3
 Concurrent Refinement Workers: 10
 Periodic GC: Disabled
Heap:
 garbage-first heap   total 153600K, used 119099K [0x0000000083600000, 0x0000000100000000)
  region size 1024K, 3 young (3072K), 2 survivors (2048K)
 Metaspace       used 28401K, committed 28736K, reserved 1114112K
  class space    used 3883K, committed 4032K, reserved 1048576K
GC Heap History (14 events):
Event: 0.499 GC heap before
{Heap before GC invocations=0 (full 0):
 garbage-first heap   total 129024K, used 22528K [0x0000000083600000, 0x0000000100000000)
  region size 1024K, 23 young (23552K), 0 survivors (0K)
 Metaspace       used 4352K, committed 4608K, reserved 1114112K
  class space    used 453K, committed 576K, reserved 1048576K
}
Event: 0.502 GC heap after
{Heap after GC invocations=1 (full 0):
 garbage-first heap   total 129024K, used 2768K [0x0000000083600000, 0x0000000100000000)
  region size 1024K, 3 young (3072K), 3 survivors (3072K)
 Metaspace       used 4352K, committed 4608K, reserved 1114112K
  class space    used 453K, committed 576K, reserved 1048576K
}
Event: 1.056 GC heap before
{Heap before GC invocations=1 (full 0):
 garbage-first heap   total 129024K, used 36560K [0x0000000083600000, 0x0000000100000000)
  region size 1024K, 37 young (37888K), 3 survivors (3072K)
 Metaspace       used 17375K, committed 17600K, reserved 1114112K
  class space    used 2077K, committed 2176K, reserved 1048576K
}
Event: 1.062 GC heap after
{Heap after GC invocations=2 (full 0):
 garbage-first heap   total 129024K, used 7764K [0x0000000083600000, 0x0000000100000000)
  region size 1024K, 5 young (5120K), 5 survivors (5120K)
 Metaspace       used 17375K, committed 17600K, reserved 1114112K
  class space    used 2077K, committed 2176K, reserved 1048576K
}
Event: 1.341 GC heap before
{Heap before GC invocations=2 (full 0):
 garbage-first heap   total 129024K, used 41556K [0x0000000083600000, 0x0000000100000000)
  region size 1024K, 28 young (28672K), 5 survivors (5120K)
 Metaspace       used 21133K, committed 21504K, reserved 1114112K
  class space    used 2727K, committed 2880K, reserved 1048576K
}
Event: 1.346 GC heap after
{Heap after GC invocations=3 (full 0):
 garbage-first heap   total 129024K, used 22100K [0x0000000083600000, 0x0000000100000000)
  region size 1024K, 7 young (7168K), 7 survivors (7168K)
 Metaspace       used 21133K, committed 21504K, reserved 1114112K
  class space    used 2727K, committed 2880K, reserved 1048576K
}
Event: 11.109 GC heap before
{Heap before GC invocations=4 (full 0):
 garbage-first heap   total 79872K, used 79444K [0x0000000083600000, 0x0000000100000000)
  region size 1024K, 41 young (41984K), 7 survivors (7168K)
 Metaspace       used 26639K, committed 27072K, reserved 1114112K
  class space    used 3768K, committed 3968K, reserved 1048576K
}
Event: 11.116 GC heap after
{Heap after GC invocations=5 (full 0):
 garbage-first heap   total 93184K, used 49794K [0x0000000083600000, 0x0000000100000000)
  region size 1024K, 8 young (8192K), 8 survivors (8192K)
 Metaspace       used 26639K, committed 27072K, reserved 1114112K
  class space    used 3768K, committed 3968K, reserved 1048576K
}
Event: 11.960 GC heap before
{Heap before GC invocations=5 (full 0):
 garbage-first heap   total 93184K, used 90754K [0x0000000083600000, 0x0000000100000000)
  region size 1024K, 25 young (25600K), 8 survivors (8192K)
 Metaspace       used 27570K, committed 27968K, reserved 1114112K
  class space    used 3865K, committed 4032K, reserved 1048576K
}
Event: 11.967 GC heap after
{Heap after GC invocations=6 (full 0):
 garbage-first heap   total 106496K, used 79735K [0x0000000083600000, 0x0000000100000000)
  region size 1024K, 5 young (5120K), 5 survivors (5120K)
 Metaspace       used 27570K, committed 27968K, reserved 1114112K
  class space    used 3865K, committed 4032K, reserved 1048576K
}
Event: 11.982 GC heap before
{Heap before GC invocations=6 (full 0):
 garbage-first heap   total 106496K, used 80759K [0x0000000083600000, 0x0000000100000000)
  region size 1024K, 7 young (7168K), 5 survivors (5120K)
 Metaspace       used 27579K, committed 27968K, reserved 1114112K
  class space    used 3865K, committed 4032K, reserved 1048576K
}
Event: 11.984 GC heap after
{Heap after GC invocations=7 (full 0):
 garbage-first heap   total 106496K, used 80638K [0x0000000083600000, 0x0000000100000000)
  region size 1024K, 1 young (1024K), 1 survivors (1024K)
 Metaspace       used 27579K, committed 27968K, reserved 1114112K
  class space    used 3865K, committed 4032K, reserved 1048576K
}
Event: 71.968 GC heap before
{Heap before GC invocations=8 (full 0):
 garbage-first heap   total 151552K, used 150270K [0x0000000083600000, 0x0000000100000000)
  region size 1024K, 13 young (13312K), 1 survivors (1024K)
 Metaspace       used 28376K, committed 28736K, reserved 1114112K
  class space    used 3881K, committed 4032K, reserved 1048576K
}
Event: 71.970 GC heap after
{Heap after GC invocations=9 (full 0):
 garbage-first heap   total 153600K, used 119099K [0x0000000083600000, 0x0000000100000000)
  region size 1024K, 2 young (2048K), 2 survivors (2048K)
 Metaspace       used 28376K, committed 28736K, reserved 1114112K
  class space    used 3881K, committed 4032K, reserved 1048576K
}

