# JRE version: OpenJDK Runtime Environment Corretto-21.0.4.7.1 (21.0.4+7) (build 21.0.4+7-LTS)
# Java VM: OpenJDK 64-Bit Server VM Corretto-21.0.4.7.1 (21.0.4+7-LTS, mixed mode, sharing, tiered, compressed oops, compressed class ptrs, g1 gc, windows-amd64)
GC Precious Log:
 CardTable entry size: 512
 Card Set container configuration: InlinePtr #cards 5 size 8 Array Of Cards #cards 12 size 40 Howl #buckets 4 coarsen threshold 1843 Howl Bitmap #cards 512 size 80 coarsen threshold 460 Card regions per heap region 1 cards per card region 2048
 CPUs: 12 total, 12 available
 Memory: 7971M
 Large Page Support: Disabled
 NUMA Support: Disabled
 Compressed Oops: Enabled (32-bit)
 Heap Region Size: 1M
 Heap Min Capacity: 8M
 Heap Initial Capacity: 126M
 Heap Max Capacity: 1994M
 Pre-touch: Disabled
 Parallel Workers: 10
 Concurrent Workers: 3
 Concurrent Refinement Workers: 10
 Periodic GC: Disabled
Heap:
 garbage-first heap   total 232448K, used 141878K [0x0000000083600000, 0x0000000100000000)
  region size 1024K, 5 young (5120K), 1 survivors (1024K)
 Metaspace       used 28423K, committed 28736K, reserved 1114112K
  class space    used 3891K, committed 4032K, reserved 1048576K
GC Heap History (12 events):
Event: 0.574 GC heap before
{Heap before GC invocations=0 (full 0):
 garbage-first heap   total 129024K, used 22528K [0x0000000083600000, 0x0000000100000000)
  region size 1024K, 23 young (23552K), 0 survivors (0K)
 Metaspace       used 4355K, committed 4608K, reserved 1114112K
  class space    used 455K, committed 576K, reserved 1048576K
}
Event: 0.580 GC heap after
{Heap after GC invocations=1 (full 0):
 garbage-first heap   total 129024K, used 2768K [0x0000000083600000, 0x0000000100000000)
  region size 1024K, 3 young (3072K), 3 survivors (3072K)
 Metaspace       used 4355K, committed 4608K, reserved 1114112K
  class space    used 455K, committed 576K, reserved 1048576K
}
Event: 1.225 GC heap before
{Heap before GC invocations=1 (full 0):
 garbage-first heap   total 129024K, used 36560K [0x0000000083600000, 0x0000000100000000)
  region size 1024K, 37 young (37888K), 3 survivors (3072K)
 Metaspace       used 17374K, committed 17600K, reserved 1114112K
  class space    used 2077K, committed 2176K, reserved 1048576K
}
Event: 1.231 GC heap after
{Heap after GC invocations=2 (full 0):
 garbage-first heap   total 129024K, used 7639K [0x0000000083600000, 0x0000000100000000)
  region size 1024K, 5 young (5120K), 5 survivors (5120K)
 Metaspace       used 17374K, committed 17600K, reserved 1114112K
  class space    used 2077K, committed 2176K, reserved 1048576K
}
Event: 1.542 GC heap before
{Heap before GC invocations=2 (full 0):
 garbage-first heap   total 129024K, used 41431K [0x0000000083600000, 0x0000000100000000)
  region size 1024K, 28 young (28672K), 5 survivors (5120K)
 Metaspace       used 21134K, committed 21504K, reserved 1114112K
  class space    used 2729K, committed 2880K, reserved 1048576K
}
Event: 1.546 GC heap after
{Heap after GC invocations=3 (full 0):
 garbage-first heap   total 129024K, used 22309K [0x0000000083600000, 0x0000000100000000)
  region size 1024K, 8 young (8192K), 8 survivors (8192K)
 Metaspace       used 21134K, committed 21504K, reserved 1114112K
  class space    used 2729K, committed 2880K, reserved 1048576K
}
Event: 13.755 GC heap before
{Heap before GC invocations=4 (full 0):
 garbage-first heap   total 113664K, used 112421K [0x0000000083600000, 0x0000000100000000)
  region size 1024K, 42 young (43008K), 8 survivors (8192K)
 Metaspace       used 26648K, committed 27072K, reserved 1114112K
  class space    used 3769K, committed 3968K, reserved 1048576K
}
Event: 13.761 GC heap after
{Heap after GC invocations=5 (full 0):
 garbage-first heap   total 126976K, used 72370K [0x0000000083600000, 0x0000000100000000)
  region size 1024K, 8 young (8192K), 8 survivors (8192K)
 Metaspace       used 26648K, committed 27072K, reserved 1114112K
  class space    used 3769K, committed 3968K, reserved 1048576K
}
Event: 15.077 GC heap before
{Heap before GC invocations=5 (full 0):
 garbage-first heap   total 169984K, used 167602K [0x0000000083600000, 0x0000000100000000)
  region size 1024K, 31 young (31744K), 8 survivors (8192K)
 Metaspace       used 28039K, committed 28352K, reserved 1114112K
  class space    used 3879K, committed 4032K, reserved 1048576K
}
Event: 15.084 GC heap after
{Heap after GC invocations=6 (full 0):
 garbage-first heap   total 184320K, used 128435K [0x0000000083600000, 0x0000000100000000)
  region size 1024K, 6 young (6144K), 6 survivors (6144K)
 Metaspace       used 28039K, committed 28352K, reserved 1114112K
  class space    used 3879K, committed 4032K, reserved 1048576K
}
Event: 15.977 GC heap before
{Heap before GC invocations=6 (full 0):
 garbage-first heap   total 184320K, used 131507K [0x0000000083600000, 0x0000000100000000)
  region size 1024K, 10 young (10240K), 6 survivors (6144K)
 Metaspace       used 28296K, committed 28608K, reserved 1114112K
  class space    used 3882K, committed 4032K, reserved 1048576K
}
Event: 15.980 GC heap after
{Heap after GC invocations=7 (full 0):
 garbage-first heap   total 184320K, used 129590K [0x0000000083600000, 0x0000000100000000)
  region size 1024K, 1 young (1024K), 1 survivors (1024K)
 Metaspace       used 28296K, committed 28608K, reserved 1114112K
  class space    used 3882K, committed 4032K, reserved 1048576K
}

